# JRE version: OpenJDK Runtime Environment (8.0_152-b02) (build 1.8.0_152-release-1024-b02)
# Java VM: OpenJDK 64-Bit Server VM (25.152-b02 mixed mode windows-amd64 compressed oops)
Heap:
 PSYoungGen      total 121344K, used 64578K [0x00000000e0000000, 0x00000000eb780000, 0x0000000100000000)
  eden space 82432K, 35% used [0x00000000e0000000,0x00000000e1cc55f0,0x00000000e5080000)
  from space 38912K, 90% used [0x00000000e5080000,0x00000000e72cb430,0x00000000e7680000)
  to   space 43520K, 0% used [0x00000000e8d00000,0x00000000e8d00000,0x00000000eb780000)
 ParOldGen       total 112128K, used 44742K [0x00000000a0000000, 0x00000000a6d80000, 0x00000000e0000000)
  object space 112128K, 39% used [0x00000000a0000000,0x00000000a2bb1a18,0x00000000a6d80000)
 Metaspace       used 53035K, capacity 53961K, committed 54272K, reserved 1097728K
  class space    used 6384K, capacity 6636K, committed 6656K, reserved 1048576K
GC Heap History (10 events):
Event: 3.380 GC heap before
{Heap before GC invocations=10 (full 3):
 PSYoungGen      total 57856K, used 55296K [0x00000000e0000000, 0x00000000e7800000, 0x0000000100000000)
  eden space 55296K, 100% used [0x00000000e0000000,0x00000000e3600000,0x00000000e3600000)
  from space 2560K, 0% used [0x00000000e4600000,0x00000000e4600000,0x00000000e4880000)
  to   space 16384K, 0% used [0x00000000e3600000,0x00000000e3600000,0x00000000e4600000)
 ParOldGen       total 112128K, used 13856K [0x00000000a0000000, 0x00000000a6d80000, 0x00000000e0000000)
  object space 112128K, 12% used [0x00000000a0000000,0x00000000a0d88218,0x00000000a6d80000)
 Metaspace       used 38734K, capacity 39326K, committed 39680K, reserved 1083392K
  class space    used 4857K, capacity 5027K, committed 5120K, reserved 1048576K
Event: 3.389 GC heap after
Heap after GC invocations=10 (full 3):
 PSYoungGen      total 71680K, used 15869K [0x00000000e0000000, 0x00000000e6e80000, 0x0000000100000000)
  eden space 55296K, 0% used [0x00000000e0000000,0x00000000e0000000,0x00000000e3600000)
  from space 16384K, 96% used [0x00000000e3600000,0x00000000e457f408,0x00000000e4600000)
  to   space 18944K, 0% used [0x00000000e5c00000,0x00000000e5c00000,0x00000000e6e80000)
 ParOldGen       total 112128K, used 13864K [0x00000000a0000000, 0x00000000a6d80000, 0x00000000e0000000)
  object space 112128K, 12% used [0x00000000a0000000,0x00000000a0d8a218,0x00000000a6d80000)
 Metaspace       used 38734K, capacity 39326K, committed 39680K, reserved 1083392K
  class space    used 4857K, capacity 5027K, committed 5120K, reserved 1048576K
}
Event: 4.097 GC heap before
{Heap before GC invocations=11 (full 3):
 PSYoungGen      total 71680K, used 71165K [0x00000000e0000000, 0x00000000e6e80000, 0x0000000100000000)
  eden space 55296K, 100% used [0x00000000e0000000,0x00000000e3600000,0x00000000e3600000)
  from space 16384K, 96% used [0x00000000e3600000,0x00000000e457f408,0x00000000e4600000)
  to   space 18944K, 0% used [0x00000000e5c00000,0x00000000e5c00000,0x00000000e6e80000)
 ParOldGen       total 112128K, used 13864K [0x00000000a0000000, 0x00000000a6d80000, 0x00000000e0000000)
  object space 112128K, 12% used [0x00000000a0000000,0x00000000a0d8a218,0x00000000a6d80000)
 Metaspace       used 43087K, capacity 43738K, committed 44032K, reserved 1087488K
  class space    used 5403K, capacity 5605K, committed 5632K, reserved 1048576K
Event: 4.110 GC heap after
Heap after GC invocations=11 (full 3):
 PSYoungGen      total 89088K, used 18941K [0x00000000e0000000, 0x00000000e7880000, 0x0000000100000000)
  eden space 70144K, 0% used [0x00000000e0000000,0x00000000e0000000,0x00000000e4480000)
  from space 18944K, 99% used [0x00000000e5c00000,0x00000000e6e7f580,0x00000000e6e80000)
  to   space 24064K, 0% used [0x00000000e4480000,0x00000000e4480000,0x00000000e5c00000)
 ParOldGen       total 112128K, used 18717K [0x00000000a0000000, 0x00000000a6d80000, 0x00000000e0000000)
  object space 112128K, 16% used [0x00000000a0000000,0x00000000a1247688,0x00000000a6d80000)
 Metaspace       used 43087K, capacity 43738K, committed 44032K, reserved 1087488K
  class space    used 5403K, capacity 5605K, committed 5632K, reserved 1048576K
}
Event: 61.044 GC heap before
{Heap before GC invocations=12 (full 3):
 PSYoungGen      total 89088K, used 89085K [0x00000000e0000000, 0x00000000e7880000, 0x0000000100000000)
  eden space 70144K, 100% used [0x00000000e0000000,0x00000000e4480000,0x00000000e4480000)
  from space 18944K, 99% used [0x00000000e5c00000,0x00000000e6e7f580,0x00000000e6e80000)
  to   space 24064K, 0% used [0x00000000e4480000,0x00000000e4480000,0x00000000e5c00000)
 ParOldGen       total 112128K, used 18717K [0x00000000a0000000, 0x00000000a6d80000, 0x00000000e0000000)
  object space 112128K, 16% used [0x00000000a0000000,0x00000000a1247688,0x00000000a6d80000)
 Metaspace       used 50787K, capacity 51593K, committed 52096K, reserved 1095680K
  class space    used 6236K, capacity 6440K, committed 6528K, reserved 1048576K
Event: 61.060 GC heap after
Heap after GC invocations=12 (full 3):
 PSYoungGen      total 94208K, used 24041K [0x00000000e0000000, 0x00000000e9400000, 0x0000000100000000)
  eden space 70144K, 0% used [0x00000000e0000000,0x00000000e0000000,0x00000000e4480000)
  from space 24064K, 99% used [0x00000000e4480000,0x00000000e5bfa510,0x00000000e5c00000)
  to   space 30208K, 0% used [0x00000000e7680000,0x00000000e7680000,0x00000000e9400000)
 ParOldGen       total 112128K, used 24740K [0x00000000a0000000, 0x00000000a6d80000, 0x00000000e0000000)
  object space 112128K, 22% used [0x00000000a0000000,0x00000000a1829348,0x00000000a6d80000)
 Metaspace       used 50787K, capacity 51593K, committed 52096K, reserved 1095680K
  class space    used 6236K, capacity 6440K, committed 6528K, reserved 1048576K
}
Event: 61.562 GC heap before
{Heap before GC invocations=13 (full 3):
 PSYoungGen      total 94208K, used 94185K [0x00000000e0000000, 0x00000000e9400000, 0x0000000100000000)
  eden space 70144K, 100% used [0x00000000e0000000,0x00000000e4480000,0x00000000e4480000)
  from space 24064K, 99% used [0x00000000e4480000,0x00000000e5bfa510,0x00000000e5c00000)
  to   space 30208K, 0% used [0x00000000e7680000,0x00000000e7680000,0x00000000e9400000)
 ParOldGen       total 112128K, used 24740K [0x00000000a0000000, 0x00000000a6d80000, 0x00000000e0000000)
  object space 112128K, 22% used [0x00000000a0000000,0x00000000a1829348,0x00000000a6d80000)
 Metaspace       used 51355K, capacity 52247K, committed 52608K, reserved 1095680K
  class space    used 6269K, capacity 6483K, committed 6528K, reserved 1048576K
Event: 61.593 GC heap after
Heap after GC invocations=13 (full 3):
 PSYoungGen      total 112640K, used 30199K [0x00000000e0000000, 0x00000000ea280000, 0x0000000100000000)
  eden space 82432K, 0% used [0x00000000e0000000,0x00000000e0000000,0x00000000e5080000)
  from space 30208K, 99% used [0x00000000e7680000,0x00000000e93fdeb8,0x00000000e9400000)
  to   space 38912K, 0% used [0x00000000e5080000,0x00000000e5080000,0x00000000e7680000)
 ParOldGen       total 112128K, used 35413K [0x00000000a0000000, 0x00000000a6d80000, 0x00000000e0000000)
  object space 112128K, 31% used [0x00000000a0000000,0x00000000a2295790,0x00000000a6d80000)
 Metaspace       used 51355K, capacity 52247K, committed 52608K, reserved 1095680K
  class space    used 6269K, capacity 6483K, committed 6528K, reserved 1048576K
}
Event: 471.027 GC heap before
{Heap before GC invocations=14 (full 3):
 PSYoungGen      total 112640K, used 112631K [0x00000000e0000000, 0x00000000ea280000, 0x0000000100000000)
  eden space 82432K, 100% used [0x00000000e0000000,0x00000000e5080000,0x00000000e5080000)
  from space 30208K, 99% used [0x00000000e7680000,0x00000000e93fdeb8,0x00000000e9400000)
  to   space 38912K, 0% used [0x00000000e5080000,0x00000000e5080000,0x00000000e7680000)
 ParOldGen       total 112128K, used 35413K [0x00000000a0000000, 0x00000000a6d80000, 0x00000000e0000000)
  object space 112128K, 31% used [0x00000000a0000000,0x00000000a2295790,0x00000000a6d80000)
 Metaspace       used 53004K, capacity 53961K, committed 54272K, reserved 1097728K
  class space    used 6384K, capacity 6636K, committed 6656K, reserved 1048576K
Event: 471.049 GC heap after
Heap after GC invocations=14 (full 3):
 PSYoungGen      total 121344K, used 35117K [0x00000000e0000000, 0x00000000eb780000, 0x0000000100000000)
  eden space 82432K, 0% used [0x00000000e0000000,0x00000000e0000000,0x00000000e5080000)
  from space 38912K, 90% used [0x00000000e5080000,0x00000000e72cb430,0x00000000e7680000)
  to   space 43520K, 0% used [0x00000000e8d00000,0x00000000e8d00000,0x00000000eb780000)
 ParOldGen       total 112128K, used 44742K [0x00000000a0000000, 0x00000000a6d80000, 0x00000000e0000000)
  object space 112128K, 39% used [0x00000000a0000000,0x00000000a2bb1a18,0x00000000a6d80000)
 Metaspace       used 53004K, capacity 53961K, committed 54272K, reserved 1097728K
  class space    used 6384K, capacity 6636K, committed 6656K, reserved 1048576K
}

