# JRE version: OpenJDK Runtime Environment (8.0_152-b02) (build 1.8.0_152-release-1024-b02)
# Java VM: OpenJDK 64-Bit Server VM (25.152-b02 mixed mode windows-amd64 compressed oops)
Heap:
 PSYoungGen      total 138240K, used 58568K [0x00000000d5f00000, 0x00000000e0b80000, 0x0000000100000000)
  eden space 133120K, 43% used [0x00000000d5f00000,0x00000000d98321a8,0x00000000de100000)
  from space 5120K, 0% used [0x00000000de100000,0x00000000de100000,0x00000000de600000)
  to   space 20992K, 0% used [0x00000000df700000,0x00000000df700000,0x00000000e0b80000)
 ParOldGen       total 129536K, used 25375K [0x0000000081c00000, 0x0000000089a80000, 0x00000000d5f00000)
  object space 129536K, 19% used [0x0000000081c00000,0x00000000834c7f28,0x0000000089a80000)
 Metaspace       used 38797K, capacity 39352K, committed 39640K, reserved 1087488K
  class space    used 4895K, capacity 5063K, committed 5120K, reserved 1048576K
GC Heap History (10 events):
Event: 1.090 GC heap before
{Heap before GC invocations=3 (full 0):
 PSYoungGen      total 71680K, used 30803K [0x00000000d5f00000, 0x00000000daa00000, 0x0000000100000000)
  eden space 66560K, 38% used [0x00000000d5f00000,0x00000000d7816360,0x00000000da000000)
  from space 5120K, 99% used [0x00000000da500000,0x00000000da9feaf8,0x00000000daa00000)
  to   space 5120K, 0% used [0x00000000da000000,0x00000000da000000,0x00000000da500000)
 ParOldGen       total 87552K, used 7690K [0x0000000081c00000, 0x0000000087180000, 0x00000000d5f00000)
  object space 87552K, 8% used [0x0000000081c00000,0x0000000082382a90,0x0000000087180000)
 Metaspace       used 20808K, capacity 21166K, committed 21248K, reserved 1067008K
  class space    used 2659K, capacity 2801K, committed 2816K, reserved 1048576K
Event: 1.097 GC heap after
Heap after GC invocations=3 (full 0):
 PSYoungGen      total 71680K, used 5089K [0x00000000d5f00000, 0x00000000deb00000, 0x0000000100000000)
  eden space 66560K, 0% used [0x00000000d5f00000,0x00000000d5f00000,0x00000000da000000)
  from space 5120K, 99% used [0x00000000da000000,0x00000000da4f8528,0x00000000da500000)
  to   space 5120K, 0% used [0x00000000de600000,0x00000000de600000,0x00000000deb00000)
 ParOldGen       total 87552K, used 12235K [0x0000000081c00000, 0x0000000087180000, 0x00000000d5f00000)
  object space 87552K, 13% used [0x0000000081c00000,0x00000000827f2ec8,0x0000000087180000)
 Metaspace       used 20808K, capacity 21166K, committed 21248K, reserved 1067008K
  class space    used 2659K, capacity 2801K, committed 2816K, reserved 1048576K
}
Event: 1.097 GC heap before
{Heap before GC invocations=4 (full 1):
 PSYoungGen      total 71680K, used 5089K [0x00000000d5f00000, 0x00000000deb00000, 0x0000000100000000)
  eden space 66560K, 0% used [0x00000000d5f00000,0x00000000d5f00000,0x00000000da000000)
  from space 5120K, 99% used [0x00000000da000000,0x00000000da4f8528,0x00000000da500000)
  to   space 5120K, 0% used [0x00000000de600000,0x00000000de600000,0x00000000deb00000)
 ParOldGen       total 87552K, used 12235K [0x0000000081c00000, 0x0000000087180000, 0x00000000d5f00000)
  object space 87552K, 13% used [0x0000000081c00000,0x00000000827f2ec8,0x0000000087180000)
 Metaspace       used 20808K, capacity 21166K, committed 21248K, reserved 1067008K
  class space    used 2659K, capacity 2801K, committed 2816K, reserved 1048576K
Event: 1.125 GC heap after
Heap after GC invocations=4 (full 1):
 PSYoungGen      total 71680K, used 0K [0x00000000d5f00000, 0x00000000deb00000, 0x0000000100000000)
  eden space 66560K, 0% used [0x00000000d5f00000,0x00000000d5f00000,0x00000000da000000)
  from space 5120K, 0% used [0x00000000da000000,0x00000000da000000,0x00000000da500000)
  to   space 5120K, 0% used [0x00000000de600000,0x00000000de600000,0x00000000deb00000)
 ParOldGen       total 68096K, used 9571K [0x0000000081c00000, 0x0000000085e80000, 0x00000000d5f00000)
  object space 68096K, 14% used [0x0000000081c00000,0x0000000082558d20,0x0000000085e80000)
 Metaspace       used 20808K, capacity 21166K, committed 21248K, reserved 1067008K
  class space    used 2659K, capacity 2801K, committed 2816K, reserved 1048576K
}
Event: 1.982 GC heap before
{Heap before GC invocations=5 (full 1):
 PSYoungGen      total 71680K, used 66560K [0x00000000d5f00000, 0x00000000deb00000, 0x0000000100000000)
  eden space 66560K, 100% used [0x00000000d5f00000,0x00000000da000000,0x00000000da000000)
  from space 5120K, 0% used [0x00000000da000000,0x00000000da000000,0x00000000da500000)
  to   space 5120K, 0% used [0x00000000de600000,0x00000000de600000,0x00000000deb00000)
 ParOldGen       total 68096K, used 9571K [0x0000000081c00000, 0x0000000085e80000, 0x00000000d5f00000)
  object space 68096K, 14% used [0x0000000081c00000,0x0000000082558d20,0x0000000085e80000)
 Metaspace       used 32215K, capacity 32694K, committed 32896K, reserved 1077248K
  class space    used 4069K, capacity 4215K, committed 4224K, reserved 1048576K
Event: 1.992 GC heap after
Heap after GC invocations=5 (full 1):
 PSYoungGen      total 98816K, used 5088K [0x00000000d5f00000, 0x00000000deb00000, 0x0000000100000000)
  eden space 93696K, 0% used [0x00000000d5f00000,0x00000000d5f00000,0x00000000dba80000)
  from space 5120K, 99% used [0x00000000de600000,0x00000000deaf8020,0x00000000deb00000)
  to   space 5120K, 0% used [0x00000000de100000,0x00000000de100000,0x00000000de600000)
 ParOldGen       total 68096K, used 22382K [0x0000000081c00000, 0x0000000085e80000, 0x00000000d5f00000)
  object space 68096K, 32% used [0x0000000081c00000,0x00000000831db9d0,0x0000000085e80000)
 Metaspace       used 32215K, capacity 32694K, committed 32896K, reserved 1077248K
  class space    used 4069K, capacity 4215K, committed 4224K, reserved 1048576K
}
Event: 2.380 GC heap before
{Heap before GC invocations=6 (full 1):
 PSYoungGen      total 98816K, used 55109K [0x00000000d5f00000, 0x00000000deb00000, 0x0000000100000000)
  eden space 93696K, 53% used [0x00000000d5f00000,0x00000000d8fd96a0,0x00000000dba80000)
  from space 5120K, 99% used [0x00000000de600000,0x00000000deaf8020,0x00000000deb00000)
  to   space 5120K, 0% used [0x00000000de100000,0x00000000de100000,0x00000000de600000)
 ParOldGen       total 68096K, used 22382K [0x0000000081c00000, 0x0000000085e80000, 0x00000000d5f00000)
  object space 68096K, 32% used [0x0000000081c00000,0x00000000831db9d0,0x0000000085e80000)
 Metaspace       used 34554K, capacity 35084K, committed 35416K, reserved 1081344K
  class space    used 4331K, capacity 4450K, committed 4480K, reserved 1048576K
Event: 2.391 GC heap after
Heap after GC invocations=6 (full 1):
 PSYoungGen      total 138240K, used 5088K [0x00000000d5f00000, 0x00000000e0b80000, 0x0000000100000000)
  eden space 133120K, 0% used [0x00000000d5f00000,0x00000000d5f00000,0x00000000de100000)
  from space 5120K, 99% used [0x00000000de100000,0x00000000de5f8020,0x00000000de600000)
  to   space 20992K, 0% used [0x00000000df700000,0x00000000df700000,0x00000000e0b80000)
 ParOldGen       total 68096K, used 35381K [0x0000000081c00000, 0x0000000085e80000, 0x00000000d5f00000)
  object space 68096K, 51% used [0x0000000081c00000,0x0000000083e8d650,0x0000000085e80000)
 Metaspace       used 34554K, capacity 35084K, committed 35416K, reserved 1081344K
  class space    used 4331K, capacity 4450K, committed 4480K, reserved 1048576K
}
Event: 2.391 GC heap before
{Heap before GC invocations=7 (full 2):
 PSYoungGen      total 138240K, used 5088K [0x00000000d5f00000, 0x00000000e0b80000, 0x0000000100000000)
  eden space 133120K, 0% used [0x00000000d5f00000,0x00000000d5f00000,0x00000000de100000)
  from space 5120K, 99% used [0x00000000de100000,0x00000000de5f8020,0x00000000de600000)
  to   space 20992K, 0% used [0x00000000df700000,0x00000000df700000,0x00000000e0b80000)
 ParOldGen       total 68096K, used 35381K [0x0000000081c00000, 0x0000000085e80000, 0x00000000d5f00000)
  object space 68096K, 51% used [0x0000000081c00000,0x0000000083e8d650,0x0000000085e80000)
 Metaspace       used 34554K, capacity 35084K, committed 35416K, reserved 1081344K
  class space    used 4331K, capacity 4450K, committed 4480K, reserved 1048576K
Event: 2.459 GC heap after
Heap after GC invocations=7 (full 2):
 PSYoungGen      total 138240K, used 0K [0x00000000d5f00000, 0x00000000e0b80000, 0x0000000100000000)
  eden space 133120K, 0% used [0x00000000d5f00000,0x00000000d5f00000,0x00000000de100000)
  from space 5120K, 0% used [0x00000000de100000,0x00000000de100000,0x00000000de600000)
  to   space 20992K, 0% used [0x00000000df700000,0x00000000df700000,0x00000000e0b80000)
 ParOldGen       total 129536K, used 25375K [0x0000000081c00000, 0x0000000089a80000, 0x00000000d5f00000)
  object space 129536K, 19% used [0x0000000081c00000,0x00000000834c7f28,0x0000000089a80000)
 Metaspace       used 34554K, capacity 35084K, committed 35416K, reserved 1081344K
  class space    used 4331K, capacity 4450K, committed 4480K, reserved 1048576K
}

