# JRE version: OpenJDK Runtime Environment (8.0_152-b02) (build 1.8.0_152-release-1024-b02)
# Java VM: OpenJDK 64-Bit Server VM (25.152-b02 mixed mode windows-amd64 compressed oops)
Heap:
 PSYoungGen      total 153088K, used 60170K [0x00000000e0000000, 0x00000000ed980000, 0x0000000100000000)
  eden space 92672K, 25% used [0x00000000e0000000,0x00000000e17846f8,0x00000000e5a80000)
  from space 60416K, 59% used [0x00000000e9580000,0x00000000eb8be150,0x00000000ed080000)
  to   space 60416K, 0% used [0x00000000e5a80000,0x00000000e5a80000,0x00000000e9580000)
 ParOldGen       total 113664K, used 16923K [0x00000000a0000000, 0x00000000a6f00000, 0x00000000e0000000)
  object space 113664K, 14% used [0x00000000a0000000,0x00000000a1086e58,0x00000000a6f00000)
 Metaspace       used 61561K, capacity 62751K, committed 69248K, reserved 1110016K
  class space    used 6939K, capacity 7265K, committed 8576K, reserved 1048576K
GC Heap History (10 events):
Event: 13610.740 GC heap before
{Heap before GC invocations=54 (full 6):
 PSYoungGen      total 94720K, used 94606K [0x00000000e0000000, 0x00000000eda00000, 0x0000000100000000)
  eden space 84992K, 100% used [0x00000000e0000000,0x00000000e5300000,0x00000000e5300000)
  from space 9728K, 98% used [0x00000000e5500000,0x00000000e5e638d8,0x00000000e5e80000)
  to   space 69120K, 0% used [0x00000000e9680000,0x00000000e9680000,0x00000000eda00000)
 ParOldGen       total 113664K, used 16891K [0x00000000a0000000, 0x00000000a6f00000, 0x00000000e0000000)
  object space 113664K, 14% used [0x00000000a0000000,0x00000000a107ee58,0x00000000a6f00000)
 Metaspace       used 60075K, capacity 61121K, committed 69248K, reserved 1110016K
  class space    used 6764K, capacity 7046K, committed 8576K, reserved 1048576K
Event: 13610.758 GC heap after
Heap after GC invocations=54 (full 6):
 PSYoungGen      total 157696K, used 30636K [0x00000000e0000000, 0x00000000edb00000, 0x0000000100000000)
  eden space 88576K, 0% used [0x00000000e0000000,0x00000000e0000000,0x00000000e5680000)
  from space 69120K, 44% used [0x00000000e9680000,0x00000000eb46b190,0x00000000eda00000)
  to   space 65536K, 0% used [0x00000000e5680000,0x00000000e5680000,0x00000000e9680000)
 ParOldGen       total 113664K, used 16899K [0x00000000a0000000, 0x00000000a6f00000, 0x00000000e0000000)
  object space 113664K, 14% used [0x00000000a0000000,0x00000000a1080e58,0x00000000a6f00000)
 Metaspace       used 60075K, capacity 61121K, committed 69248K, reserved 1110016K
  class space    used 6764K, capacity 7046K, committed 8576K, reserved 1048576K
}
Event: 13682.178 GC heap before
{Heap before GC invocations=55 (full 6):
 PSYoungGen      total 157696K, used 119212K [0x00000000e0000000, 0x00000000edb00000, 0x0000000100000000)
  eden space 88576K, 100% used [0x00000000e0000000,0x00000000e5680000,0x00000000e5680000)
  from space 69120K, 44% used [0x00000000e9680000,0x00000000eb46b190,0x00000000eda00000)
  to   space 65536K, 0% used [0x00000000e5680000,0x00000000e5680000,0x00000000e9680000)
 ParOldGen       total 113664K, used 16899K [0x00000000a0000000, 0x00000000a6f00000, 0x00000000e0000000)
  object space 113664K, 14% used [0x00000000a0000000,0x00000000a1080e58,0x00000000a6f00000)
 Metaspace       used 60465K, capacity 61629K, committed 69248K, reserved 1110016K
  class space    used 6808K, capacity 7086K, committed 8576K, reserved 1048576K
Event: 13682.196 GC heap after
Heap after GC invocations=55 (full 6):
 PSYoungGen      total 154112K, used 24437K [0x00000000e0000000, 0x00000000ed880000, 0x0000000100000000)
  eden space 88576K, 0% used [0x00000000e0000000,0x00000000e0000000,0x00000000e5680000)
  from space 65536K, 37% used [0x00000000e5680000,0x00000000e6e5d778,0x00000000e9680000)
  to   space 62976K, 0% used [0x00000000e9b00000,0x00000000e9b00000,0x00000000ed880000)
 ParOldGen       total 113664K, used 16907K [0x00000000a0000000, 0x00000000a6f00000, 0x00000000e0000000)
  object space 113664K, 14% used [0x00000000a0000000,0x00000000a1082e58,0x00000000a6f00000)
 Metaspace       used 60465K, capacity 61629K, committed 69248K, reserved 1110016K
  class space    used 6808K, capacity 7086K, committed 8576K, reserved 1048576K
}
Event: 13695.877 GC heap before
{Heap before GC invocations=56 (full 6):
 PSYoungGen      total 154112K, used 113013K [0x00000000e0000000, 0x00000000ed880000, 0x0000000100000000)
  eden space 88576K, 100% used [0x00000000e0000000,0x00000000e5680000,0x00000000e5680000)
  from space 65536K, 37% used [0x00000000e5680000,0x00000000e6e5d778,0x00000000e9680000)
  to   space 62976K, 0% used [0x00000000e9b00000,0x00000000e9b00000,0x00000000ed880000)
 ParOldGen       total 113664K, used 16907K [0x00000000a0000000, 0x00000000a6f00000, 0x00000000e0000000)
  object space 113664K, 14% used [0x00000000a0000000,0x00000000a1082e58,0x00000000a6f00000)
 Metaspace       used 60927K, capacity 62101K, committed 69248K, reserved 1110016K
  class space    used 6862K, capacity 7158K, committed 8576K, reserved 1048576K
Event: 13695.888 GC heap after
Heap after GC invocations=56 (full 6):
 PSYoungGen      total 153600K, used 19065K [0x00000000e0000000, 0x00000000ed480000, 0x0000000100000000)
  eden space 94720K, 0% used [0x00000000e0000000,0x00000000e0000000,0x00000000e5c80000)
  from space 58880K, 32% used [0x00000000e9b00000,0x00000000ead9e770,0x00000000ed480000)
  to   space 61440K, 0% used [0x00000000e5c80000,0x00000000e5c80000,0x00000000e9880000)
 ParOldGen       total 113664K, used 16915K [0x00000000a0000000, 0x00000000a6f00000, 0x00000000e0000000)
  object space 113664K, 14% used [0x00000000a0000000,0x00000000a1084e58,0x00000000a6f00000)
 Metaspace       used 60927K, capacity 62101K, committed 69248K, reserved 1110016K
  class space    used 6862K, capacity 7158K, committed 8576K, reserved 1048576K
}
Event: 13726.315 GC heap before
{Heap before GC invocations=57 (full 6):
 PSYoungGen      total 153600K, used 113785K [0x00000000e0000000, 0x00000000ed480000, 0x0000000100000000)
  eden space 94720K, 100% used [0x00000000e0000000,0x00000000e5c80000,0x00000000e5c80000)
  from space 58880K, 32% used [0x00000000e9b00000,0x00000000ead9e770,0x00000000ed480000)
  to   space 61440K, 0% used [0x00000000e5c80000,0x00000000e5c80000,0x00000000e9880000)
 ParOldGen       total 113664K, used 16915K [0x00000000a0000000, 0x00000000a6f00000, 0x00000000e0000000)
  object space 113664K, 14% used [0x00000000a0000000,0x00000000a1084e58,0x00000000a6f00000)
 Metaspace       used 61201K, capacity 62393K, committed 69248K, reserved 1110016K
  class space    used 6896K, capacity 7232K, committed 8576K, reserved 1048576K
Event: 13726.326 GC heap after
Heap after GC invocations=57 (full 6):
 PSYoungGen      total 109568K, used 16413K [0x00000000e0000000, 0x00000000ed080000, 0x0000000100000000)
  eden space 92672K, 0% used [0x00000000e0000000,0x00000000e0000000,0x00000000e5a80000)
  from space 16896K, 97% used [0x00000000e5c80000,0x00000000e6c87598,0x00000000e6d00000)
  to   space 60416K, 0% used [0x00000000e9580000,0x00000000e9580000,0x00000000ed080000)
 ParOldGen       total 113664K, used 16923K [0x00000000a0000000, 0x00000000a6f00000, 0x00000000e0000000)
  object space 113664K, 14% used [0x00000000a0000000,0x00000000a1086e58,0x00000000a6f00000)
 Metaspace       used 61201K, capacity 62393K, committed 69248K, reserved 1110016K
  class space    used 6896K, capacity 7232K, committed 8576K, reserved 1048576K
}
Event: 13726.620 GC heap before
{Heap before GC invocations=58 (full 6):
 PSYoungGen      total 109568K, used 109085K [0x00000000e0000000, 0x00000000ed080000, 0x0000000100000000)
  eden space 92672K, 100% used [0x00000000e0000000,0x00000000e5a80000,0x00000000e5a80000)
  from space 16896K, 97% used [0x00000000e5c80000,0x00000000e6c87598,0x00000000e6d00000)
  to   space 60416K, 0% used [0x00000000e9580000,0x00000000e9580000,0x00000000ed080000)
 ParOldGen       total 113664K, used 16923K [0x00000000a0000000, 0x00000000a6f00000, 0x00000000e0000000)
  object space 113664K, 14% used [0x00000000a0000000,0x00000000a1086e58,0x00000000a6f00000)
 Metaspace       used 61439K, capacity 62623K, committed 69248K, reserved 1110016K
  class space    used 6927K, capacity 7265K, committed 8576K, reserved 1048576K
Event: 13726.639 GC heap after
Heap after GC invocations=58 (full 6):
 PSYoungGen      total 153088K, used 36088K [0x00000000e0000000, 0x00000000ed980000, 0x0000000100000000)
  eden space 92672K, 0% used [0x00000000e0000000,0x00000000e0000000,0x00000000e5a80000)
  from space 60416K, 59% used [0x00000000e9580000,0x00000000eb8be150,0x00000000ed080000)
  to   space 60416K, 0% used [0x00000000e5a80000,0x00000000e5a80000,0x00000000e9580000)
 ParOldGen       total 113664K, used 16923K [0x00000000a0000000, 0x00000000a6f00000, 0x00000000e0000000)
  object space 113664K, 14% used [0x00000000a0000000,0x00000000a1086e58,0x00000000a6f00000)
 Metaspace       used 61439K, capacity 62623K, committed 69248K, reserved 1110016K
  class space    used 6927K, capacity 7265K, committed 8576K, reserved 1048576K
}

